[19-Mar-2024 10:33:20 UTC] PHP Warning:  Unknown: Failed to open stream: No such file or directory in Unknown on line 0
[19-Mar-2024 10:33:20 UTC] PHP Fatal error:  Failed opening required 'C:/Users/valen/AppData/Local/Programs/Local/resources/extraResources/local-bootstrap.php' (include_path='.:/usr/share/php:/www/wp-content/pear') in Unknown on line 0
[19-Mar-2024 10:33:20 UTC] PHP Warning:  Unknown: Failed to open stream: No such file or directory in Unknown on line 0
[19-Mar-2024 10:33:20 UTC] PHP Fatal error:  Failed opening required 'C:/Users/valen/AppData/Local/Programs/Local/resources/extraResources/local-bootstrap.php' (include_path='.:/usr/share/php:/www/wp-content/pear') in Unknown on line 0
[20-Mar-2024 09:49:36 UTC] PHP Fatal error:  Uncaught WCPay\Exceptions\API_Exception: Your site host "la-vie-des-plantes.local" is on a private network. Jetpack can only connect to public sites. in C:\Users\valen\Local Sites\la-vie-des-plantes\app\public\wp-content\plugins\woocommerce-payments\includes\wc-payment-api\class-wc-payments-http.php:194
Stack trace:
#0 C:\Users\valen\Local Sites\la-vie-des-plantes\app\public\wp-content\plugins\woocommerce-payments\includes\wc-payment-api\class-wc-payments-api-client.php(222): WC_Payments_Http->start_connection('http://la-vie-d...')
#1 C:\Users\valen\Local Sites\la-vie-des-plantes\app\public\wp-content\plugins\woocommerce-payments\includes\class-wc-payments-account.php(2033): WC_Payments_API_Client->start_server_connection('http://la-vie-d...')
#2 C:\Users\valen\Local Sites\la-vie-des-plantes\app\public\wp-content\plugins\woocommerce-payments\includes\class-wc-payments-account.php(1073): WC_Payments_Account->redirect_to_onboarding_flow_page('wcpay-connect-p...')
#3 C:\Users\valen\Local Sites\la-vie-des-plantes\app\public\wp-includes\class-wp-hook.php(324): WC_Payments_Account->maybe_handle_onboarding('')
#4 C:\Users\valen\Local Sites\la-vie-des-plantes\app\public\wp-includes\class-wp-hook.php(348): WP_Hook->apply_filters(NULL, Array)
#5 C:\Users\valen\Local Sites\la-vie-des-plantes\app\public\wp-includes\plugin.php(517): WP_Hook->do_action(Array)
#6 C:\Users\valen\Local Sites\la-vie-des-plantes\app\public\wp-admin\admin.php(175): do_action('admin_init')
#7 {main}
  thrown in C:\Users\valen\Local Sites\la-vie-des-plantes\app\public\wp-content\plugins\woocommerce-payments\includes\wc-payment-api\class-wc-payments-http.php on line 194
[21-Mar-2024 09:17:28 UTC] PHP Fatal error:  Uncaught WCPay\Exceptions\API_Exception: Your site host "la-vie-des-plantes.local" is on a private network. Jetpack can only connect to public sites. in C:\Users\valen\Local Sites\la-vie-des-plantes\app\public\wp-content\plugins\woocommerce-payments\includes\wc-payment-api\class-wc-payments-http.php:194
Stack trace:
#0 C:\Users\valen\Local Sites\la-vie-des-plantes\app\public\wp-content\plugins\woocommerce-payments\includes\wc-payment-api\class-wc-payments-api-client.php(222): WC_Payments_Http->start_connection('http://la-vie-d...')
#1 C:\Users\valen\Local Sites\la-vie-des-plantes\app\public\wp-content\plugins\woocommerce-payments\includes\class-wc-payments-account.php(2033): WC_Payments_API_Client->start_server_connection('http://la-vie-d...')
#2 C:\Users\valen\Local Sites\la-vie-des-plantes\app\public\wp-content\plugins\woocommerce-payments\includes\class-wc-payments-account.php(1073): WC_Payments_Account->redirect_to_onboarding_flow_page('wcadmin-payment...')
#3 C:\Users\valen\Local Sites\la-vie-des-plantes\app\public\wp-includes\class-wp-hook.php(324): WC_Payments_Account->maybe_handle_onboarding('')
#4 C:\Users\valen\Local Sites\la-vie-des-plantes\app\public\wp-includes\class-wp-hook.php(348): WP_Hook->apply_filters(NULL, Array)
#5 C:\Users\valen\Local Sites\la-vie-des-plantes\app\public\wp-includes\plugin.php(517): WP_Hook->do_action(Array)
#6 C:\Users\valen\Local Sites\la-vie-des-plantes\app\public\wp-admin\admin.php(175): do_action('admin_init')
#7 C:\Users\valen\Local Sites\la-vie-des-plantes\app\public\wp-admin\index.php(10): require_once('C:\\Users\\valen\\...')
#8 {main}
  thrown in C:\Users\valen\Local Sites\la-vie-des-plantes\app\public\wp-content\plugins\woocommerce-payments\includes\wc-payment-api\class-wc-payments-http.php on line 194
[21-Mar-2024 09:19:07 UTC] PHP Fatal error:  Uncaught WCPay\Exceptions\API_Exception: Your site host "la-vie-des-plantes.local" is on a private network. Jetpack can only connect to public sites. in C:\Users\valen\Local Sites\la-vie-des-plantes\app\public\wp-content\plugins\woocommerce-payments\includes\wc-payment-api\class-wc-payments-http.php:194
Stack trace:
#0 C:\Users\valen\Local Sites\la-vie-des-plantes\app\public\wp-content\plugins\woocommerce-payments\includes\wc-payment-api\class-wc-payments-api-client.php(222): WC_Payments_Http->start_connection('http://la-vie-d...')
#1 C:\Users\valen\Local Sites\la-vie-des-plantes\app\public\wp-content\plugins\woocommerce-payments\includes\class-wc-payments-account.php(2033): WC_Payments_API_Client->start_server_connection('http://la-vie-d...')
#2 C:\Users\valen\Local Sites\la-vie-des-plantes\app\public\wp-content\plugins\woocommerce-payments\includes\class-wc-payments-account.php(1073): WC_Payments_Account->redirect_to_onboarding_flow_page('wcadmin-payment...')
#3 C:\Users\valen\Local Sites\la-vie-des-plantes\app\public\wp-includes\class-wp-hook.php(324): WC_Payments_Account->maybe_handle_onboarding('')
#4 C:\Users\valen\Local Sites\la-vie-des-plantes\app\public\wp-includes\class-wp-hook.php(348): WP_Hook->apply_filters(NULL, Array)
#5 C:\Users\valen\Local Sites\la-vie-des-plantes\app\public\wp-includes\plugin.php(517): WP_Hook->do_action(Array)
#6 C:\Users\valen\Local Sites\la-vie-des-plantes\app\public\wp-admin\admin.php(175): do_action('admin_init')
#7 C:\Users\valen\Local Sites\la-vie-des-plantes\app\public\wp-admin\index.php(10): require_once('C:\\Users\\valen\\...')
#8 {main}
  thrown in C:\Users\valen\Local Sites\la-vie-des-plantes\app\public\wp-content\plugins\woocommerce-payments\includes\wc-payment-api\class-wc-payments-http.php on line 194
[21-Mar-2024 09:20:07 UTC] PHP Fatal error:  Uncaught WCPay\Exceptions\API_Exception: Your site host "la-vie-des-plantes.local" is on a private network. Jetpack can only connect to public sites. in C:\Users\valen\Local Sites\la-vie-des-plantes\app\public\wp-content\plugins\woocommerce-payments\includes\wc-payment-api\class-wc-payments-http.php:194
Stack trace:
#0 C:\Users\valen\Local Sites\la-vie-des-plantes\app\public\wp-content\plugins\woocommerce-payments\includes\wc-payment-api\class-wc-payments-api-client.php(222): WC_Payments_Http->start_connection('http://la-vie-d...')
#1 C:\Users\valen\Local Sites\la-vie-des-plantes\app\public\wp-content\plugins\woocommerce-payments\includes\class-wc-payments-account.php(2033): WC_Payments_API_Client->start_server_connection('http://la-vie-d...')
#2 C:\Users\valen\Local Sites\la-vie-des-plantes\app\public\wp-content\plugins\woocommerce-payments\includes\class-wc-payments-account.php(1073): WC_Payments_Account->redirect_to_onboarding_flow_page('wcadmin-payment...')
#3 C:\Users\valen\Local Sites\la-vie-des-plantes\app\public\wp-includes\class-wp-hook.php(324): WC_Payments_Account->maybe_handle_onboarding('')
#4 C:\Users\valen\Local Sites\la-vie-des-plantes\app\public\wp-includes\class-wp-hook.php(348): WP_Hook->apply_filters(NULL, Array)
#5 C:\Users\valen\Local Sites\la-vie-des-plantes\app\public\wp-includes\plugin.php(517): WP_Hook->do_action(Array)
#6 C:\Users\valen\Local Sites\la-vie-des-plantes\app\public\wp-admin\admin.php(175): do_action('admin_init')
#7 C:\Users\valen\Local Sites\la-vie-des-plantes\app\public\wp-admin\index.php(10): require_once('C:\\Users\\valen\\...')
#8 {main}
  thrown in C:\Users\valen\Local Sites\la-vie-des-plantes\app\public\wp-content\plugins\woocommerce-payments\includes\wc-payment-api\class-wc-payments-http.php on line 194
[21-Mar-2024 10:27:58 UTC] WordPress database error Duplicate entry '3-0' for key 'PRIMARY' for query INSERT INTO `wp_yoast_indexable_hierarchy` (`indexable_id`, `ancestor_id`, `depth`, `blog_id`) VALUES ('3', '0', '0', '1') made by require('wp-blog-header.php'), wp, WP->main, WP->parse_request, do_action_ref_array('parse_request'), WP_Hook->do_action, WP_Hook->apply_filters, rest_api_loaded, WP_REST_Server->serve_request, WP_REST_Server->dispatch, WP_REST_Server->respond_to_request, WP_REST_Posts_Controller->get_item, WP_REST_Posts_Controller->prepare_item_for_response, WP_REST_Controller->add_additional_fields_to_object, Yoast\WP\SEO\Routes\Yoast_Head_REST_Field->for_post, Yoast\WP\SEO\Actions\Indexables\Indexable_Head_Action->for_post, Yoast\WP\SEO\Actions\Indexables\Indexable_Head_Action->with_cache, Yoast\WP\SEO\Surfaces\Meta_Surface->for_post, Yoast\WP\SEO\Repositories\Indexable_Repository->find_by_id_and_type, Yoast\WP\SEO\Repositories\Indexable_Repository->upgrade_indexable, Yoast\WP\SEO\Builders\Indexable_Builder->build, Yoast\WP\SEO\Builders\Indexable_Hierarchy_Builder->build, Yoast\WP\SEO\Builders\Indexable_Hierarchy_Builder->save_ancestors, Yoast\WP\SEO\Repositories\Indexable_Hierarchy_Repository->add_ancestor, Yoast\WP\Lib\Model->save, Yoast\WP\Lib\ORM->save, Yoast\WP\Lib\ORM::execute
[21-Mar-2024 10:29:22 UTC] WordPress database error Duplicate entry '3-0' for key 'PRIMARY' for query INSERT INTO `wp_yoast_indexable_hierarchy` (`indexable_id`, `ancestor_id`, `depth`, `blog_id`) VALUES ('3', '0', '0', '1') made by require('wp-blog-header.php'), wp, WP->main, WP->parse_request, do_action_ref_array('parse_request'), WP_Hook->do_action, WP_Hook->apply_filters, rest_api_loaded, WP_REST_Server->serve_request, WP_REST_Server->dispatch, WP_REST_Server->respond_to_request, WP_REST_Posts_Controller->get_items, WP_REST_Posts_Controller->prepare_item_for_response, WP_REST_Controller->add_additional_fields_to_object, Yoast\WP\SEO\Routes\Yoast_Head_REST_Field->for_post, Yoast\WP\SEO\Actions\Indexables\Indexable_Head_Action->for_post, Yoast\WP\SEO\Actions\Indexables\Indexable_Head_Action->with_404_fallback, Yoast\WP\SEO\Surfaces\Values\Meta->get_head, Yoast\WP\SEO\Surfaces\Values\Meta->create_html_presentation, Yoast\WP\SEO\Presenters\Schema_Presenter->present, Yoast\WP\SEO\Presenters\Schema_Presenter->get, Yoast\WP\SEO\Presentations\Abstract_Presentation->__get, Yoast\WP\SEO\Presentations\Indexable_Presentation->generate_schema, Yoast\WP\SEO\Generators\Schema_Generator->generate, Yoast\WP\SEO\Generators\Schema_Generator->generate_graph, Yoast\WP\SEO\Generators\Schema\Breadcrumb->generate, Yoast\WP\SEO\Presentations\Abstract_Presentation->__get, Yoast\WP\SEO\Presentations\Indexable_Presentation->generate_breadcrumbs, Yoast\WP\SEO\Generators\Breadcrumbs_Generator->generate, apply_filters('wpseo_breadcrumb_indexables'), WP_Hook->apply_filters, Yoast\WP\SEO\Integrations\Third_Party\WooCommerce->add_shop_to_breadcrumbs, Yoast\WP\SEO\Repositories\Indexable_Repository->find_by_id_and_type, Yoast\WP\SEO\Repositories\Indexable_Repository->upgrade_indexable, Yoast\WP\SEO\Builders\Indexable_Builder->build, Yoast\WP\SEO\Builders\Indexable_Hierarchy_Builder->build, Yoast\WP\SEO\Builders\Indexable_Hierarchy_Builder->save_ancestors, Yoast\WP\SEO\Repositories\Indexable_Hierarchy_Repository->add_ancestor, Yoast\WP\Lib\Model->save, Yoast\WP\Lib\ORM->save, Yoast\WP\Lib\ORM::execute
